2014/06/06 14:32:44 [error] [exception.CException] exception 'CException' with message 'Alias "bootstrap.components.Bootstrap" is invalid. Make sure it points to an existing directory or file.' in Z:\home\zphotos.dev\framework\YiiBase.php:347
Stack trace:
#0 Z:\home\zphotos.dev\framework\YiiBase.php(196): YiiBase::import('bootstrap.compo...', true)
#1 Z:\home\zphotos.dev\framework\base\CModule.php(386): YiiBase::createComponent(Array)
#2 Z:\home\zphotos.dev\framework\base\CModule.php(103): CModule->getComponent('bootstrap')
#3 Z:\home\zphotos.dev\public\themes\bootstrap\views\layouts\main.php(12): CModule->__get('bootstrap')
#4 Z:\home\zphotos.dev\framework\web\CBaseController.php(126): require('Z:\home\zphotos...')
#5 Z:\home\zphotos.dev\framework\web\CBaseController.php(95): CBaseController->renderInternal('Z:\home\zphotos...', Array, true)
#6 Z:\home\zphotos.dev\framework\web\widgets\CContentDecorator.php(76): CBaseController->renderFile('Z:\home\zphotos...', Array, true)
#7 Z:\home\zphotos.dev\framework\web\widgets\CContentDecorator.php(54): CContentDecorator->decorate('<div id="conten...')
#8 Z:\home\zphotos.dev\framework\web\widgets\COutputProcessor.php(44): CContentDecorator->processOutput('<div id="conten...')
#9 Z:\home\zphotos.dev\framework\web\CBaseController.php(206): COutputProcessor->run()
#10 Z:\home\zphotos.dev\framework\web\CBaseController.php(300): CBaseController->endWidget('CContentDecorat...')
#11 Z:\home\zphotos.dev\protected\views\layouts\column1.php(6): CBaseController->endContent()
#12 Z:\home\zphotos.dev\framework\web\CBaseController.php(126): require('Z:\home\zphotos...')
#13 Z:\home\zphotos.dev\framework\web\CBaseController.php(95): CBaseController->renderInternal('Z:\home\zphotos...', Array, true)
#14 Z:\home\zphotos.dev\framework\web\CController.php(784): CBaseController->renderFile('Z:\home\zphotos...', Array, true)
#15 Z:\home\zphotos.dev\framework\web\actions\CViewAction.php(140): CController->render('pages/about')
#16 Z:\home\zphotos.dev\framework\web\actions\CAction.php(76): CViewAction->run()
#17 Z:\home\zphotos.dev\framework\web\CController.php(308): CAction->runWithParams(Array)
#18 Z:\home\zphotos.dev\framework\web\CController.php(286): CController->runAction(Object(CViewAction))
#19 Z:\home\zphotos.dev\framework\web\CController.php(265): CController->runActionWithFilters(Object(CViewAction), Array)
#20 Z:\home\zphotos.dev\framework\web\CWebApplication.php(282): CController->run('page')
#21 Z:\home\zphotos.dev\framework\web\CWebApplication.php(141): CWebApplication->runController('site/page')
#22 Z:\home\zphotos.dev\framework\base\CApplication.php(180): CWebApplication->processRequest()
#23 Z:\home\zphotos.dev\public\index.php(13): CApplication->run()
#24 {main}
REQUEST_URI=/index.php?r=site/page&view=about
HTTP_REFERER=http://zphotos.dev/index.php?r=site/index
---
2014/06/06 14:32:45 [error] [exception.CException] exception 'CException' with message 'Alias "bootstrap.components.Bootstrap" is invalid. Make sure it points to an existing directory or file.' in Z:\home\zphotos.dev\framework\YiiBase.php:347
Stack trace:
#0 Z:\home\zphotos.dev\framework\YiiBase.php(196): YiiBase::import('bootstrap.compo...', true)
#1 Z:\home\zphotos.dev\framework\base\CModule.php(386): YiiBase::createComponent(Array)
#2 Z:\home\zphotos.dev\framework\base\CModule.php(103): CModule->getComponent('bootstrap')
#3 Z:\home\zphotos.dev\public\themes\bootstrap\views\layouts\main.php(12): CModule->__get('bootstrap')
#4 Z:\home\zphotos.dev\framework\web\CBaseController.php(126): require('Z:\home\zphotos...')
#5 Z:\home\zphotos.dev\framework\web\CBaseController.php(95): CBaseController->renderInternal('Z:\home\zphotos...', Array, true)
#6 Z:\home\zphotos.dev\framework\web\widgets\CContentDecorator.php(76): CBaseController->renderFile('Z:\home\zphotos...', Array, true)
#7 Z:\home\zphotos.dev\framework\web\widgets\CContentDecorator.php(54): CContentDecorator->decorate('<div id="conten...')
#8 Z:\home\zphotos.dev\framework\web\widgets\COutputProcessor.php(44): CContentDecorator->processOutput('<div id="conten...')
#9 Z:\home\zphotos.dev\framework\web\CBaseController.php(206): COutputProcessor->run()
#10 Z:\home\zphotos.dev\framework\web\CBaseController.php(300): CBaseController->endWidget('CContentDecorat...')
#11 Z:\home\zphotos.dev\protected\views\layouts\column1.php(6): CBaseController->endContent()
#12 Z:\home\zphotos.dev\framework\web\CBaseController.php(126): require('Z:\home\zphotos...')
#13 Z:\home\zphotos.dev\framework\web\CBaseController.php(95): CBaseController->renderInternal('Z:\home\zphotos...', Array, true)
#14 Z:\home\zphotos.dev\framework\web\CController.php(784): CBaseController->renderFile('Z:\home\zphotos...', Array, true)
#15 Z:\home\zphotos.dev\framework\web\actions\CViewAction.php(140): CController->render('pages/about')
#16 Z:\home\zphotos.dev\framework\web\actions\CAction.php(76): CViewAction->run()
#17 Z:\home\zphotos.dev\framework\web\CController.php(308): CAction->runWithParams(Array)
#18 Z:\home\zphotos.dev\framework\web\CController.php(286): CController->runAction(Object(CViewAction))
#19 Z:\home\zphotos.dev\framework\web\CController.php(265): CController->runActionWithFilters(Object(CViewAction), Array)
#20 Z:\home\zphotos.dev\framework\web\CWebApplication.php(282): CController->run('page')
#21 Z:\home\zphotos.dev\framework\web\CWebApplication.php(141): CWebApplication->runController('site/page')
#22 Z:\home\zphotos.dev\framework\base\CApplication.php(180): CWebApplication->processRequest()
#23 Z:\home\zphotos.dev\public\index.php(13): CApplication->run()
#24 {main}
REQUEST_URI=/index.php?r=site/page&view=about
HTTP_REFERER=http://zphotos.dev/index.php?r=site/index
---
2014/06/06 14:32:46 [error] [exception.CException] exception 'CException' with message 'Alias "bootstrap.components.Bootstrap" is invalid. Make sure it points to an existing directory or file.' in Z:\home\zphotos.dev\framework\YiiBase.php:347
Stack trace:
#0 Z:\home\zphotos.dev\framework\YiiBase.php(196): YiiBase::import('bootstrap.compo...', true)
#1 Z:\home\zphotos.dev\framework\base\CModule.php(386): YiiBase::createComponent(Array)
#2 Z:\home\zphotos.dev\framework\base\CModule.php(103): CModule->getComponent('bootstrap')
#3 Z:\home\zphotos.dev\public\themes\bootstrap\views\layouts\main.php(12): CModule->__get('bootstrap')
#4 Z:\home\zphotos.dev\framework\web\CBaseController.php(126): require('Z:\home\zphotos...')
#5 Z:\home\zphotos.dev\framework\web\CBaseController.php(95): CBaseController->renderInternal('Z:\home\zphotos...', Array, true)
#6 Z:\home\zphotos.dev\framework\web\widgets\CContentDecorator.php(76): CBaseController->renderFile('Z:\home\zphotos...', Array, true)
#7 Z:\home\zphotos.dev\framework\web\widgets\CContentDecorator.php(54): CContentDecorator->decorate('<div id="conten...')
#8 Z:\home\zphotos.dev\framework\web\widgets\COutputProcessor.php(44): CContentDecorator->processOutput('<div id="conten...')
#9 Z:\home\zphotos.dev\framework\web\CBaseController.php(206): COutputProcessor->run()
#10 Z:\home\zphotos.dev\framework\web\CBaseController.php(300): CBaseController->endWidget('CContentDecorat...')
#11 Z:\home\zphotos.dev\protected\views\layouts\column1.php(6): CBaseController->endContent()
#12 Z:\home\zphotos.dev\framework\web\CBaseController.php(126): require('Z:\home\zphotos...')
#13 Z:\home\zphotos.dev\framework\web\CBaseController.php(95): CBaseController->renderInternal('Z:\home\zphotos...', Array, true)
#14 Z:\home\zphotos.dev\framework\web\CController.php(784): CBaseController->renderFile('Z:\home\zphotos...', Array, true)
#15 Z:\home\zphotos.dev\framework\web\actions\CViewAction.php(140): CController->render('pages/about')
#16 Z:\home\zphotos.dev\framework\web\actions\CAction.php(76): CViewAction->run()
#17 Z:\home\zphotos.dev\framework\web\CController.php(308): CAction->runWithParams(Array)
#18 Z:\home\zphotos.dev\framework\web\CController.php(286): CController->runAction(Object(CViewAction))
#19 Z:\home\zphotos.dev\framework\web\CController.php(265): CController->runActionWithFilters(Object(CViewAction), Array)
#20 Z:\home\zphotos.dev\framework\web\CWebApplication.php(282): CController->run('page')
#21 Z:\home\zphotos.dev\framework\web\CWebApplication.php(141): CWebApplication->runController('site/page')
#22 Z:\home\zphotos.dev\framework\base\CApplication.php(180): CWebApplication->processRequest()
#23 Z:\home\zphotos.dev\public\index.php(13): CApplication->run()
#24 {main}
REQUEST_URI=/index.php?r=site/page&view=about
HTTP_REFERER=http://zphotos.dev/index.php?r=site/index
---
